2021-02-13 19:59:42,652 INFO o.a.j.u.JMeterUtils: Setting Locale to en_EN
2021-02-13 19:59:42,676 INFO o.a.j.JMeter: Loading user properties from: /usr/local/Cellar/jmeter/5.4/libexec/bin/user.properties
2021-02-13 19:59:42,677 INFO o.a.j.JMeter: Loading system properties from: /usr/local/Cellar/jmeter/5.4/libexec/bin/system.properties
2021-02-13 19:59:42,685 INFO o.a.j.JMeter: Copyright (c) 1998-2020 The Apache Software Foundation
2021-02-13 19:59:42,685 INFO o.a.j.JMeter: Version 5.4
2021-02-13 19:59:42,685 INFO o.a.j.JMeter: java.version=15.0.1
2021-02-13 19:59:42,685 INFO o.a.j.JMeter: java.vm.name=OpenJDK 64-Bit Server VM
2021-02-13 19:59:42,685 INFO o.a.j.JMeter: os.name=Mac OS X
2021-02-13 19:59:42,685 INFO o.a.j.JMeter: os.arch=x86_64
2021-02-13 19:59:42,685 INFO o.a.j.JMeter: os.version=11.2.1
2021-02-13 19:59:42,685 INFO o.a.j.JMeter: file.encoding=UTF-8
2021-02-13 19:59:42,685 INFO o.a.j.JMeter: java.awt.headless=null
2021-02-13 19:59:42,685 INFO o.a.j.JMeter: Max memory     =1073741824
2021-02-13 19:59:42,685 INFO o.a.j.JMeter: Available Processors =16
2021-02-13 19:59:42,694 INFO o.a.j.JMeter: Default Locale=English (EN)
2021-02-13 19:59:42,695 INFO o.a.j.JMeter: JMeter  Locale=English (EN)
2021-02-13 19:59:42,695 INFO o.a.j.JMeter: JMeterHome=/usr/local/Cellar/jmeter/5.4/libexec
2021-02-13 19:59:42,695 INFO o.a.j.JMeter: user.dir  =/Users/nattatorn.yuch/workspace/jmeter/socketcluster
2021-02-13 19:59:42,695 INFO o.a.j.JMeter: PWD       =/Users/nattatorn.yuch/workspace/jmeter/socketcluster
2021-02-13 19:59:42,697 INFO o.a.j.JMeter: IP: 127.0.0.1 Name: Nattatorns-MacBook-Pro.local FullName: localhost
2021-02-13 19:59:44,572 INFO o.a.j.JMeter: Setting LAF to: com.github.weisj.darklaf.DarkLaf:com.github.weisj.darklaf.theme.DarculaTheme
2021-02-13 19:59:46,210 INFO o.a.j.JMeter: Loaded icon properties from org/apache/jmeter/images/icon.properties
2021-02-13 19:59:47,132 INFO o.j.r.JARSourceHTTP: Requesting https://jmeter-plugins.org/repo/?installID=mac_os_x-f7fbfdbe3c44d6c8a3ba836976181ab2-gui
2021-02-13 19:59:49,899 INFO o.j.r.PluginManager: Plugins Status: [jpgc-casutg=2.9, jpgc-plugins-manager=1.6, websocket-samplers=1.2.8, jmeter-core=5.4, jmeter-ftp=5.4, jmeter-http=5.4, jmeter-jdbc=5.4, jmeter-jms=5.4, jmeter-junit=5.4, jmeter-java=5.4, jmeter-ldap=5.4, jmeter-mail=5.4, jmeter-mongodb=5.4, jmeter-native=5.4, jmeter-tcp=5.4, jmeter-components=5.4]
2021-02-13 19:59:53,914 INFO o.a.j.s.FileServer: Default base='/Users/nattatorn.yuch/workspace/jmeter/socketcluster'
2021-02-13 19:59:53,917 INFO o.a.j.g.a.Load: Loading file: /Users/nattatorn.yuch/workspace/jmeter/socketcluster/WebSocket Open Connection.jmx
2021-02-13 19:59:53,917 INFO o.a.j.s.FileServer: Set new base='/Users/nattatorn.yuch/workspace/jmeter/socketcluster'
2021-02-13 19:59:54,061 INFO o.a.j.s.SaveService: Testplan (JMX) version: 2.2. Testlog (JTL) version: 2.2
2021-02-13 19:59:54,067 INFO o.a.j.s.SaveService: Using SaveService properties version 5.0
2021-02-13 19:59:54,068 INFO o.a.j.s.SaveService: Using SaveService properties file encoding UTF-8
2021-02-13 19:59:54,069 INFO o.a.j.s.SaveService: Loading file: /Users/nattatorn.yuch/workspace/jmeter/socketcluster/WebSocket Open Connection.jmx
2021-02-13 19:59:54,257 INFO o.a.j.s.SampleResult: Note: Sample TimeStamps are START times
2021-02-13 19:59:54,257 INFO o.a.j.s.SampleResult: sampleresult.default.encoding is set to ISO-8859-1
2021-02-13 19:59:54,257 INFO o.a.j.s.SampleResult: sampleresult.useNanoTime=true
2021-02-13 19:59:54,257 INFO o.a.j.s.SampleResult: sampleresult.nanoThreadSleep=5000
2021-02-13 19:59:54,403 INFO o.a.j.v.ViewResultsFullVisualizer: Add JavaFX to your Java installation if you want to use renderer: org.apache.jmeter.visualizers.RenderInBrowser
2021-02-13 19:59:54,494 WARN o.a.j.g.a.Load: Unexpected error. java.lang.NullPointerException
java.lang.NullPointerException: null
	at java.util.ArrayDeque.addLast(ArrayDeque.java:303) ~[?:?]
	at java.util.ArrayDeque.add(ArrayDeque.java:494) ~[?:?]
	at org.apache.jmeter.gui.action.LoadRecentProject.updateRecentFileMenuItems(LoadRecentProject.java:125) ~[ApacheJMeter_core.jar:5.4]
	at org.apache.jmeter.gui.util.JMeterMenuBar.setProjectFileLoaded(JMeterMenuBar.java:144) ~[ApacheJMeter_core.jar:5.4]
	at org.apache.jmeter.gui.MainFrame.setProjectFileLoaded(MainFrame.java:330) ~[ApacheJMeter_core.jar:5.4]
	at org.apache.jmeter.gui.GuiPackage.setTestPlanFile(GuiPackage.java:732) ~[ApacheJMeter_core.jar:5.4]
	at org.apache.jmeter.gui.action.Load.loadProjectFile(Load.java:136) ~[ApacheJMeter_core.jar:5.4]
	at org.apache.jmeter.gui.action.Load.loadProjectFile(Load.java:101) ~[ApacheJMeter_core.jar:5.4]
	at org.apache.jmeter.gui.action.Load.doActionAfterCheck(Load.java:88) ~[ApacheJMeter_core.jar:5.4]
	at org.apache.jmeter.gui.action.AbstractActionWithNoRunningTest.doAction(AbstractActionWithNoRunningTest.java:44) ~[ApacheJMeter_core.jar:5.4]
	at org.apache.jmeter.gui.action.ActionRouter.performAction(ActionRouter.java:87) ~[ApacheJMeter_core.jar:5.4]
	at org.apache.jmeter.gui.action.ActionRouter.lambda$actionPerformed$0(ActionRouter.java:69) ~[ApacheJMeter_core.jar:5.4]
	at java.awt.event.InvocationEvent.dispatch(InvocationEvent.java:316) ~[?:?]
	at java.awt.EventQueue.dispatchEventImpl(EventQueue.java:770) ~[?:?]
	at java.awt.EventQueue$4.run(EventQueue.java:721) ~[?:?]
	at java.awt.EventQueue$4.run(EventQueue.java:715) ~[?:?]
	at java.security.AccessController.doPrivileged(AccessController.java:391) [?:?]
	at java.security.ProtectionDomain$JavaSecurityAccessImpl.doIntersectionPrivilege(ProtectionDomain.java:85) [?:?]
	at java.awt.EventQueue.dispatchEvent(EventQueue.java:740) [?:?]
	at java.awt.EventDispatchThread.pumpOneEventForFilters(EventDispatchThread.java:203) [?:?]
	at java.awt.EventDispatchThread.pumpEventsForFilter(EventDispatchThread.java:124) [?:?]
	at java.awt.EventDispatchThread.pumpEventsForHierarchy(EventDispatchThread.java:113) [?:?]
	at java.awt.EventDispatchThread.pumpEvents(EventDispatchThread.java:109) [?:?]
	at java.awt.EventDispatchThread.pumpEvents(EventDispatchThread.java:101) [?:?]
	at java.awt.EventDispatchThread.run(EventDispatchThread.java:90) [?:?]
2021-02-13 19:59:54,499 ERROR o.a.j.u.JMeterUtils: Unexpected error - see log for details
2021-02-13 20:00:04,750 INFO o.a.j.e.StandardJMeterEngine: Running the test!
2021-02-13 20:00:04,751 INFO o.a.j.s.SampleEvent: List of sample_variables: []
2021-02-13 20:00:04,751 INFO o.a.j.s.SampleEvent: List of sample_variables: []
2021-02-13 20:00:04,752 INFO o.a.j.e.u.CompoundVariable: Note: Function class names must contain the string: '.functions.'
2021-02-13 20:00:04,752 INFO o.a.j.e.u.CompoundVariable: Note: Function class names must not contain the string: '.gui.'
2021-02-13 20:00:04,776 INFO o.a.j.g.u.JMeterMenuBar: setRunning(true, *local*)
2021-02-13 20:00:04,807 INFO o.a.j.e.StandardJMeterEngine: Starting ThreadGroup: 1 : Thread Group
2021-02-13 20:00:04,807 INFO o.a.j.e.StandardJMeterEngine: Starting 100 threads for group Thread Group.
2021-02-13 20:00:04,807 INFO o.a.j.e.StandardJMeterEngine: Thread will continue on error
2021-02-13 20:00:04,807 INFO o.a.j.t.ThreadGroup: Starting thread group... number=1 threads=100 ramp-up=1 delayedStart=false
2021-02-13 20:00:04,810 INFO o.a.j.t.JMeterThread: Thread started: Thread Group 1-1
2021-02-13 20:00:04,819 INFO o.a.j.t.JMeterThread: Thread started: Thread Group 1-2
2021-02-13 20:00:04,833 INFO o.a.j.t.JMeterThread: Thread started: Thread Group 1-3
2021-02-13 20:00:04,838 INFO o.a.j.t.ThreadGroup: Started thread group number 1
2021-02-13 20:00:04,838 INFO o.a.j.e.StandardJMeterEngine: All thread groups have been started
2021-02-13 20:00:04,841 INFO o.a.j.t.JMeterThread: Thread started: Thread Group 1-4
2021-02-13 20:00:04,853 INFO o.a.j.t.JMeterThread: Thread started: Thread Group 1-5
2021-02-13 20:00:04,861 INFO o.a.j.t.JMeterThread: Thread started: Thread Group 1-6
2021-02-13 20:00:04,869 INFO o.a.j.t.JMeterThread: Thread started: Thread Group 1-7
2021-02-13 20:00:04,882 INFO o.a.j.t.JMeterThread: Thread started: Thread Group 1-8
2021-02-13 20:00:04,892 INFO o.a.j.t.JMeterThread: Thread started: Thread Group 1-9
2021-02-13 20:00:04,903 INFO o.a.j.t.JMeterThread: Thread started: Thread Group 1-10
2021-02-13 20:00:04,911 INFO o.a.j.t.JMeterThread: Thread started: Thread Group 1-11
2021-02-13 20:00:04,923 INFO o.a.j.t.JMeterThread: Thread started: Thread Group 1-12
2021-02-13 20:00:04,932 INFO o.a.j.t.JMeterThread: Thread started: Thread Group 1-13
2021-02-13 20:00:04,940 INFO o.a.j.t.JMeterThread: Thread started: Thread Group 1-14
2021-02-13 20:00:04,952 INFO o.a.j.t.JMeterThread: Thread started: Thread Group 1-15
2021-02-13 20:00:04,961 INFO o.a.j.t.JMeterThread: Thread started: Thread Group 1-16
2021-02-13 20:00:04,969 INFO o.a.j.t.JMeterThread: Thread started: Thread Group 1-17
2021-02-13 20:00:04,982 INFO o.a.j.t.JMeterThread: Thread started: Thread Group 1-18
2021-02-13 20:00:04,994 INFO o.a.j.t.JMeterThread: Thread started: Thread Group 1-19
2021-02-13 20:00:05,002 INFO o.a.j.t.JMeterThread: Thread started: Thread Group 1-20
2021-02-13 20:00:05,012 INFO o.a.j.t.JMeterThread: Thread started: Thread Group 1-21
2021-02-13 20:00:05,020 INFO o.a.j.t.JMeterThread: Thread started: Thread Group 1-22
2021-02-13 20:00:05,032 INFO o.a.j.t.JMeterThread: Thread started: Thread Group 1-23
2021-02-13 20:00:05,040 INFO o.a.j.t.JMeterThread: Thread started: Thread Group 1-24
2021-02-13 20:00:05,052 INFO o.a.j.t.JMeterThread: Thread started: Thread Group 1-25
2021-02-13 20:00:05,062 INFO o.a.j.t.JMeterThread: Thread started: Thread Group 1-26
2021-02-13 20:00:05,069 INFO o.a.j.t.JMeterThread: Thread started: Thread Group 1-27
2021-02-13 20:00:05,082 INFO o.a.j.t.JMeterThread: Thread started: Thread Group 1-28
2021-02-13 20:00:05,090 INFO o.a.j.t.JMeterThread: Thread started: Thread Group 1-29
2021-02-13 20:00:05,102 INFO o.a.j.t.JMeterThread: Thread started: Thread Group 1-30
2021-02-13 20:00:05,111 INFO o.a.j.t.JMeterThread: Thread started: Thread Group 1-31
2021-02-13 20:00:05,121 INFO o.a.j.t.JMeterThread: Thread started: Thread Group 1-32
2021-02-13 20:00:05,132 INFO o.a.j.t.JMeterThread: Thread started: Thread Group 1-33
2021-02-13 20:00:05,140 INFO o.a.j.t.JMeterThread: Thread started: Thread Group 1-34
2021-02-13 20:00:05,153 INFO o.a.j.t.JMeterThread: Thread started: Thread Group 1-35
2021-02-13 20:00:05,159 INFO o.a.j.t.JMeterThread: Thread started: Thread Group 1-36
2021-02-13 20:00:05,169 INFO o.a.j.t.JMeterThread: Thread started: Thread Group 1-37
2021-02-13 20:00:05,179 INFO o.a.j.t.JMeterThread: Thread started: Thread Group 1-38
2021-02-13 20:00:05,190 INFO o.a.j.t.JMeterThread: Thread started: Thread Group 1-39
2021-02-13 20:00:05,202 INFO o.a.j.t.JMeterThread: Thread started: Thread Group 1-40
2021-02-13 20:00:05,211 INFO o.a.j.t.JMeterThread: Thread started: Thread Group 1-41
2021-02-13 20:00:05,219 INFO o.a.j.t.JMeterThread: Thread started: Thread Group 1-42
2021-02-13 20:00:05,232 INFO o.a.j.t.JMeterThread: Thread started: Thread Group 1-43
2021-02-13 20:00:05,240 INFO o.a.j.t.JMeterThread: Thread started: Thread Group 1-44
2021-02-13 20:00:05,252 INFO o.a.j.t.JMeterThread: Thread started: Thread Group 1-45
2021-02-13 20:00:05,260 INFO o.a.j.t.JMeterThread: Thread started: Thread Group 1-46
2021-02-13 20:00:05,271 INFO o.a.j.t.JMeterThread: Thread started: Thread Group 1-47
2021-02-13 20:00:05,283 INFO o.a.j.t.JMeterThread: Thread started: Thread Group 1-48
2021-02-13 20:00:05,290 INFO o.a.j.t.JMeterThread: Thread started: Thread Group 1-49
2021-02-13 20:00:05,303 INFO o.a.j.t.JMeterThread: Thread started: Thread Group 1-50
2021-02-13 20:00:05,310 INFO o.a.j.t.JMeterThread: Thread started: Thread Group 1-51
2021-02-13 20:00:05,322 INFO o.a.j.t.JMeterThread: Thread started: Thread Group 1-52
2021-02-13 20:00:05,332 INFO o.a.j.t.JMeterThread: Thread started: Thread Group 1-53
2021-02-13 20:00:05,341 INFO o.a.j.t.JMeterThread: Thread started: Thread Group 1-54
2021-02-13 20:00:05,353 INFO o.a.j.t.JMeterThread: Thread started: Thread Group 1-55
2021-02-13 20:00:05,360 INFO o.a.j.t.JMeterThread: Thread started: Thread Group 1-56
2021-02-13 20:00:05,371 INFO o.a.j.t.JMeterThread: Thread started: Thread Group 1-57
2021-02-13 20:00:05,382 INFO o.a.j.t.JMeterThread: Thread started: Thread Group 1-58
2021-02-13 20:00:05,390 INFO o.a.j.t.JMeterThread: Thread started: Thread Group 1-59
2021-02-13 20:00:05,403 INFO o.a.j.t.JMeterThread: Thread started: Thread Group 1-60
2021-02-13 20:00:05,411 INFO o.a.j.t.JMeterThread: Thread started: Thread Group 1-61
2021-02-13 20:00:05,420 INFO o.a.j.t.JMeterThread: Thread started: Thread Group 1-62
2021-02-13 20:00:05,434 INFO o.a.j.t.JMeterThread: Thread started: Thread Group 1-63
2021-02-13 20:00:05,441 INFO o.a.j.t.JMeterThread: Thread started: Thread Group 1-64
2021-02-13 20:00:05,452 INFO o.a.j.t.JMeterThread: Thread started: Thread Group 1-65
2021-02-13 20:00:05,461 INFO o.a.j.t.JMeterThread: Thread started: Thread Group 1-66
2021-02-13 20:00:05,473 INFO o.a.j.t.JMeterThread: Thread started: Thread Group 1-67
2021-02-13 20:00:05,482 INFO o.a.j.t.JMeterThread: Thread started: Thread Group 1-68
2021-02-13 20:00:05,490 INFO o.a.j.t.JMeterThread: Thread started: Thread Group 1-69
2021-02-13 20:00:05,503 INFO o.a.j.t.JMeterThread: Thread started: Thread Group 1-70
2021-02-13 20:00:05,510 INFO o.a.j.t.JMeterThread: Thread started: Thread Group 1-71
2021-02-13 20:00:05,524 INFO o.a.j.t.JMeterThread: Thread started: Thread Group 1-72
2021-02-13 20:00:05,532 INFO o.a.j.t.JMeterThread: Thread started: Thread Group 1-73
2021-02-13 20:00:05,542 INFO o.a.j.t.JMeterThread: Thread started: Thread Group 1-74
2021-02-13 20:00:05,553 INFO o.a.j.t.JMeterThread: Thread started: Thread Group 1-75
2021-02-13 20:00:05,560 INFO o.a.j.t.JMeterThread: Thread started: Thread Group 1-76
2021-02-13 20:00:05,573 INFO o.a.j.t.JMeterThread: Thread started: Thread Group 1-77
2021-02-13 20:00:05,582 INFO o.a.j.t.JMeterThread: Thread started: Thread Group 1-78
2021-02-13 20:00:05,590 INFO o.a.j.t.JMeterThread: Thread started: Thread Group 1-79
2021-02-13 20:00:05,603 INFO o.a.j.t.JMeterThread: Thread started: Thread Group 1-80
2021-02-13 20:00:05,610 INFO o.a.j.t.JMeterThread: Thread started: Thread Group 1-81
2021-02-13 20:00:05,621 INFO o.a.j.t.JMeterThread: Thread started: Thread Group 1-82
2021-02-13 20:00:05,633 INFO o.a.j.t.JMeterThread: Thread started: Thread Group 1-83
2021-02-13 20:00:05,643 INFO o.a.j.t.JMeterThread: Thread started: Thread Group 1-84
2021-02-13 20:00:05,652 INFO o.a.j.t.JMeterThread: Thread started: Thread Group 1-85
2021-02-13 20:00:05,661 INFO o.a.j.t.JMeterThread: Thread started: Thread Group 1-86
2021-02-13 20:00:05,670 INFO o.a.j.t.JMeterThread: Thread started: Thread Group 1-87
2021-02-13 20:00:05,682 INFO o.a.j.t.JMeterThread: Thread started: Thread Group 1-88
2021-02-13 20:00:05,690 INFO o.a.j.t.JMeterThread: Thread started: Thread Group 1-89
2021-02-13 20:00:05,702 INFO o.a.j.t.JMeterThread: Thread started: Thread Group 1-90
2021-02-13 20:00:05,713 INFO o.a.j.t.JMeterThread: Thread started: Thread Group 1-91
2021-02-13 20:00:05,721 INFO o.a.j.t.JMeterThread: Thread started: Thread Group 1-92
2021-02-13 20:00:05,732 INFO o.a.j.t.JMeterThread: Thread started: Thread Group 1-93
2021-02-13 20:00:05,741 INFO o.a.j.t.JMeterThread: Thread started: Thread Group 1-94
2021-02-13 20:00:05,752 INFO o.a.j.t.JMeterThread: Thread started: Thread Group 1-95
2021-02-13 20:00:05,761 INFO o.a.j.t.JMeterThread: Thread started: Thread Group 1-96
2021-02-13 20:00:05,769 INFO o.a.j.t.JMeterThread: Thread started: Thread Group 1-97
2021-02-13 20:00:05,783 INFO o.a.j.t.JMeterThread: Thread started: Thread Group 1-98
2021-02-13 20:00:05,791 INFO o.a.j.t.JMeterThread: Thread started: Thread Group 1-99
2021-02-13 20:00:05,802 INFO o.a.j.t.JMeterThread: Thread started: Thread Group 1-100
